-------------------------------------------------------------------------------
Test set: TestSuite
-------------------------------------------------------------------------------
Tests run: 2, Failures: 1, Errors: 0, Skipped: 0, Time elapsed: 10.319 sec <<< FAILURE!
loginPage2Test(scenarios.AppiumTest)  Time elapsed: 5.014 sec  <<< FAILURE!
java.lang.AssertionError: expected [DEVICE IS READY] but found [DEVICE IS READYs]
	at org.testng.Assert.fail(Assert.java:96)
	at org.testng.Assert.failNotEquals(Assert.java:776)
	at org.testng.Assert.assertEqualsImpl(Assert.java:137)
	at org.testng.Assert.assertEquals(Assert.java:118)
	at org.testng.Assert.assertEquals(Assert.java:453)
	at org.testng.Assert.assertEquals(Assert.java:463)
	at pages.LoginPage.loginPage2(LoginPage.java:84)
	at scenarios.AppiumTest.loginPage2Test(AppiumTest.java:29)

